2025-08-25 12:06:05,572 - INFO - Starting model training and evaluation pipeline
2025-08-25 12:06:05,572 - INFO - Loading and preparing data...
2025-08-25 12:06:05,601 - INFO - Data loaded successfully. Shape: (3565, 3)
2025-08-25 12:06:05,613 - INFO - Dataset info: {'total_samples': 3565, 'unique_groups': 15, 'group_distribution': {'neurological': 1058, 'cardiovascular': 645, 'hepatorenal': 533, 'neurological|cardiovascular': 308, 'oncological': 237, 'neurological|hepatorenal': 202, 'cardiovascular|hepatorenal': 190, 'neurological|oncological': 143, 'hepatorenal|oncological': 98, 'cardiovascular|oncological': 70, 'neurological|cardiovascular|hepatorenal': 28, 'neurological|hepatorenal|oncological': 26, 'neurological|cardiovascular|oncological': 13, 'cardiovascular|hepatorenal|oncological': 7, 'neurological|cardiovascular|hepatorenal|oncological': 7}, 'title_length_stats': {'mean': np.float64(69.34502103786816), 'median': np.float64(55.0), 'min': np.int64(20), 'max': np.int64(294)}, 'abstract_length_stats': {'mean': np.float64(696.5455820476858), 'median': np.float64(312.0), 'min': np.int64(180), 'max': np.int64(3814)}}
2025-08-25 12:06:08,278 - INFO - Features prepared. X shape: (3565,), y shape: (3565, 4)
2025-08-25 12:06:08,278 - INFO - Label classes: ['cardiovascular' 'hepatorenal' 'neurological' 'oncological']
2025-08-25 12:06:08,280 - INFO - Data split - Train: (2852,), Test: (713,)
2025-08-25 12:06:08,280 - INFO - Data split - Train: (2852,), Test: (713,)
2025-08-25 12:06:08,280 - INFO - Label names: ['cardiovascular', 'hepatorenal', 'neurological', 'oncological']
2025-08-25 12:06:08,280 - INFO - Performing feature engineering...
2025-08-25 12:06:08,607 - INFO - Vectorizer fitted. Features: 5000
2025-08-25 12:06:08,647 - INFO - Feature engineering completed - Train: (2852, 5000), Test: (713, 5000)
2025-08-25 12:06:08,682 - INFO - Pipeline saved to models/feature_pipeline.pkl
2025-08-25 12:06:08,682 - INFO - Training and evaluating all 9 model combinations...
2025-08-25 12:06:08,682 - INFO - Training BR + logistic...
2025-08-25 12:06:08,821 - INFO - Model fitted in 0.14 seconds
2025-08-25 12:06:08,828 - INFO - Model evaluation completed:
2025-08-25 12:06:08,828 - INFO -   hamming_loss: 0.1048
2025-08-25 12:06:08,828 - INFO -   micro_f1: 0.8257
2025-08-25 12:06:08,828 - INFO -   macro_f1: 0.7929
2025-08-25 12:06:08,828 - INFO -   subset_accuracy: 0.6690
2025-08-25 12:06:08,828 - INFO -   weighted_f1: 0.8093
2025-08-25 12:06:08,828 - INFO -   training_time: 0.1382
2025-08-25 12:06:08,829 - INFO - Model saved to models/BR_logistic_model.pkl
2025-08-25 12:06:08,829 - INFO - Completed BR + logistic
2025-08-25 12:06:08,829 - INFO - Training BR + svm...
2025-08-25 12:06:54,804 - INFO - Model fitted in 45.97 seconds
2025-08-25 12:06:56,917 - INFO - Model evaluation completed:
2025-08-25 12:06:56,917 - INFO -   hamming_loss: 0.0968
2025-08-25 12:06:56,917 - INFO -   micro_f1: 0.8412
2025-08-25 12:06:56,917 - INFO -   macro_f1: 0.8238
2025-08-25 12:06:56,917 - INFO -   subset_accuracy: 0.6858
2025-08-25 12:06:56,917 - INFO -   weighted_f1: 0.8325
2025-08-25 12:06:56,917 - INFO -   training_time: 45.9750
2025-08-25 12:06:56,923 - INFO - Model saved to models/BR_svm_model.pkl
2025-08-25 12:06:56,923 - INFO - Completed BR + svm
2025-08-25 12:06:56,923 - INFO - Training BR + xgboost...
2025-08-25 12:07:01,681 - INFO - Model fitted in 4.76 seconds
2025-08-25 12:07:01,694 - INFO - Model evaluation completed:
2025-08-25 12:07:01,694 - INFO -   hamming_loss: 0.0677
2025-08-25 12:07:01,694 - INFO -   micro_f1: 0.8933
2025-08-25 12:07:01,694 - INFO -   macro_f1: 0.8932
2025-08-25 12:07:01,694 - INFO -   subset_accuracy: 0.7602
2025-08-25 12:07:01,694 - INFO -   weighted_f1: 0.8933
2025-08-25 12:07:01,694 - INFO -   training_time: 4.7573
2025-08-25 12:07:01,699 - INFO - Model saved to models/BR_xgboost_model.pkl
2025-08-25 12:07:01,699 - INFO - Completed BR + xgboost
2025-08-25 12:07:01,699 - INFO - Training CC + logistic...
2025-08-25 12:07:02,146 - INFO - Model fitted in 0.45 seconds
2025-08-25 12:07:02,165 - INFO - Model evaluation completed:
2025-08-25 12:07:02,165 - INFO -   hamming_loss: 0.1122
2025-08-25 12:07:02,166 - INFO -   micro_f1: 0.8135
2025-08-25 12:07:02,166 - INFO -   macro_f1: 0.7783
2025-08-25 12:07:02,166 - INFO -   subset_accuracy: 0.6452
2025-08-25 12:07:02,166 - INFO -   weighted_f1: 0.7959
2025-08-25 12:07:02,166 - INFO -   training_time: 0.4462
2025-08-25 12:07:02,168 - INFO - Model saved to models/CC_logistic_model.pkl
2025-08-25 12:07:02,168 - INFO - Completed CC + logistic
2025-08-25 12:07:02,168 - INFO - Training CC + svm...
2025-08-25 12:07:41,984 - INFO - Model fitted in 39.82 seconds
2025-08-25 12:07:45,534 - INFO - Model evaluation completed:
2025-08-25 12:07:45,534 - INFO -   hamming_loss: 0.1038
2025-08-25 12:07:45,534 - INFO -   micro_f1: 0.8259
2025-08-25 12:07:45,534 - INFO -   macro_f1: 0.7959
2025-08-25 12:07:45,534 - INFO -   subset_accuracy: 0.6634
2025-08-25 12:07:45,534 - INFO -   weighted_f1: 0.8109
2025-08-25 12:07:45,534 - INFO -   training_time: 39.8157
2025-08-25 12:07:45,539 - INFO - Model saved to models/CC_svm_model.pkl
2025-08-25 12:07:45,539 - INFO - Completed CC + svm
2025-08-25 12:07:45,539 - INFO - Training CC + xgboost...
2025-08-25 12:07:49,626 - INFO - Model fitted in 4.09 seconds
2025-08-25 12:07:49,642 - INFO - Model evaluation completed:
2025-08-25 12:07:49,642 - INFO -   hamming_loss: 0.0684
2025-08-25 12:07:49,642 - INFO -   micro_f1: 0.8934
2025-08-25 12:07:49,642 - INFO -   macro_f1: 0.8898
2025-08-25 12:07:49,642 - INFO -   subset_accuracy: 0.7630
2025-08-25 12:07:49,642 - INFO -   weighted_f1: 0.8916
2025-08-25 12:07:49,642 - INFO -   training_time: 4.0863
2025-08-25 12:07:49,646 - INFO - Model saved to models/CC_xgboost_model.pkl
2025-08-25 12:07:49,646 - INFO - Completed CC + xgboost
2025-08-25 12:07:49,646 - INFO - Training LP + logistic...
2025-08-25 12:07:49,646 - ERROR - Error training LP + logistic: cannot import name 'LabelPowerset' from 'sklearn.multioutput' (/Users/paula.zuluaga/.local/share/virtualenvs/model12-UjGgxOrQ/lib/python3.13/site-packages/sklearn/multioutput.py)
2025-08-25 12:07:49,646 - INFO - Training LP + svm...
2025-08-25 12:07:49,646 - ERROR - Error training LP + svm: cannot import name 'LabelPowerset' from 'sklearn.multioutput' (/Users/paula.zuluaga/.local/share/virtualenvs/model12-UjGgxOrQ/lib/python3.13/site-packages/sklearn/multioutput.py)
2025-08-25 12:07:49,646 - INFO - Training LP + xgboost...
2025-08-25 12:07:49,646 - ERROR - Error training LP + xgboost: cannot import name 'LabelPowerset' from 'sklearn.multioutput' (/Users/paula.zuluaga/.local/share/virtualenvs/model12-UjGgxOrQ/lib/python3.13/site-packages/sklearn/multioutput.py)
2025-08-25 12:07:49,651 - INFO - Model comparison results:
2025-08-25 12:07:49,654 - INFO -    rank strategy algorithm  weighted_f1  micro_f1  macro_f1  subset_accuracy  hamming_loss  training_time
2     1       BR   xgboost     0.893251  0.893311  0.893191         0.760168      0.067672       4.757333
5     2       CC   xgboost     0.891584  0.893384  0.889784         0.762973      0.068373       4.086263
1     3       BR       svm     0.832480  0.841197  0.823764         0.685835      0.096774      45.974988
4     4       CC       svm     0.810875  0.825882  0.795868         0.663394      0.103787      39.815729
0     5       BR  logistic     0.809282  0.825656  0.792908         0.669004      0.104839       0.138186
3     6       CC  logistic     0.795920  0.813520  0.778321         0.645161      0.112202       0.446151
2025-08-25 12:07:49,656 - INFO - Comparison results saved to output/model_comparison_results.csv
2025-08-25 12:07:49,656 - INFO - Creating visualizations...
2025-08-25 12:07:51,018 - INFO - Comparison charts saved to output/model_comparison_charts.png
2025-08-25 12:07:51,019 - INFO - Comparison table saved to output/model_comparison_table.csv
2025-08-25 12:07:51,460 - INFO - Data exploration charts saved to output/data_exploration.png
2025-08-25 12:07:51,461 - INFO - Best model: {'rank': 1, 'strategy': 'BR', 'algorithm': 'xgboost', 'weighted_f1': 0.8932509812833659, 'micro_f1': 0.8933112216694307, 'macro_f1': 0.8931907408973011, 'subset_accuracy': 0.7601683029453016, 'hamming_loss': 0.067671809256662, 'training_time': 4.757333278656006}
2025-08-25 12:07:51,610 - INFO - Best model chart saved to output/best_model_metrics.png
2025-08-25 12:07:51,615 - INFO - Model loaded from models/BR_xgboost_model.pkl
2025-08-25 12:07:51,641 - ERROR - Pipeline failed: name 'confusion_matrix' is not defined
2025-08-25 12:08:14,535 - INFO - Starting model training and evaluation pipeline
2025-08-25 12:08:14,535 - INFO - Loading and preparing data...
2025-08-25 12:08:14,561 - INFO - Data loaded successfully. Shape: (3565, 3)
2025-08-25 12:08:14,568 - INFO - Dataset info: {'total_samples': 3565, 'unique_groups': 15, 'group_distribution': {'neurological': 1058, 'cardiovascular': 645, 'hepatorenal': 533, 'neurological|cardiovascular': 308, 'oncological': 237, 'neurological|hepatorenal': 202, 'cardiovascular|hepatorenal': 190, 'neurological|oncological': 143, 'hepatorenal|oncological': 98, 'cardiovascular|oncological': 70, 'neurological|cardiovascular|hepatorenal': 28, 'neurological|hepatorenal|oncological': 26, 'neurological|cardiovascular|oncological': 13, 'cardiovascular|hepatorenal|oncological': 7, 'neurological|cardiovascular|hepatorenal|oncological': 7}, 'title_length_stats': {'mean': np.float64(69.34502103786816), 'median': np.float64(55.0), 'min': np.int64(20), 'max': np.int64(294)}, 'abstract_length_stats': {'mean': np.float64(696.5455820476858), 'median': np.float64(312.0), 'min': np.int64(180), 'max': np.int64(3814)}}
2025-08-25 12:08:17,054 - INFO - Features prepared. X shape: (3565,), y shape: (3565, 4)
2025-08-25 12:08:17,054 - INFO - Label classes: ['cardiovascular' 'hepatorenal' 'neurological' 'oncological']
2025-08-25 12:08:17,056 - INFO - Data split - Train: (2852,), Test: (713,)
2025-08-25 12:08:17,056 - INFO - Data split - Train: (2852,), Test: (713,)
2025-08-25 12:08:17,056 - INFO - Label names: ['cardiovascular', 'hepatorenal', 'neurological', 'oncological']
2025-08-25 12:08:17,056 - INFO - Performing feature engineering...
2025-08-25 12:08:17,368 - INFO - Vectorizer fitted. Features: 5000
2025-08-25 12:08:17,406 - INFO - Feature engineering completed - Train: (2852, 5000), Test: (713, 5000)
2025-08-25 12:08:17,441 - INFO - Pipeline saved to models/feature_pipeline.pkl
2025-08-25 12:08:17,441 - INFO - Training and evaluating all 9 model combinations...
2025-08-25 12:08:17,441 - INFO - Training BR + logistic...
2025-08-25 12:08:17,685 - INFO - Model fitted in 0.24 seconds
2025-08-25 12:08:17,691 - INFO - Model evaluation completed:
2025-08-25 12:08:17,692 - INFO -   hamming_loss: 0.1048
2025-08-25 12:08:17,692 - INFO -   micro_f1: 0.8257
2025-08-25 12:08:17,692 - INFO -   macro_f1: 0.7929
2025-08-25 12:08:17,692 - INFO -   subset_accuracy: 0.6690
2025-08-25 12:08:17,692 - INFO -   weighted_f1: 0.8093
2025-08-25 12:08:17,692 - INFO -   training_time: 0.2441
2025-08-25 12:08:17,694 - INFO - Model saved to models/BR_logistic_model.pkl
2025-08-25 12:08:17,694 - INFO - Completed BR + logistic
2025-08-25 12:08:17,694 - INFO - Training BR + svm...
2025-08-25 12:09:03,646 - INFO - Model fitted in 45.95 seconds
2025-08-25 12:09:05,715 - INFO - Model evaluation completed:
2025-08-25 12:09:05,715 - INFO -   hamming_loss: 0.0968
2025-08-25 12:09:05,715 - INFO -   micro_f1: 0.8412
2025-08-25 12:09:05,715 - INFO -   macro_f1: 0.8238
2025-08-25 12:09:05,715 - INFO -   subset_accuracy: 0.6858
2025-08-25 12:09:05,715 - INFO -   weighted_f1: 0.8325
2025-08-25 12:09:05,715 - INFO -   training_time: 45.9523
2025-08-25 12:09:05,730 - INFO - Model saved to models/BR_svm_model.pkl
2025-08-25 12:09:05,730 - INFO - Completed BR + svm
2025-08-25 12:09:05,730 - INFO - Training BR + xgboost...
2025-08-25 12:09:10,962 - INFO - Model fitted in 5.23 seconds
2025-08-25 12:09:10,986 - INFO - Model evaluation completed:
2025-08-25 12:09:10,986 - INFO -   hamming_loss: 0.0677
2025-08-25 12:09:10,986 - INFO -   micro_f1: 0.8933
2025-08-25 12:09:10,987 - INFO -   macro_f1: 0.8932
2025-08-25 12:09:10,987 - INFO -   subset_accuracy: 0.7602
2025-08-25 12:09:10,987 - INFO -   weighted_f1: 0.8933
2025-08-25 12:09:10,987 - INFO -   training_time: 5.2308
2025-08-25 12:09:10,992 - INFO - Model saved to models/BR_xgboost_model.pkl
2025-08-25 12:09:10,992 - INFO - Completed BR + xgboost
2025-08-25 12:09:10,992 - INFO - Training CC + logistic...
2025-08-25 12:09:11,259 - INFO - Model fitted in 0.27 seconds
2025-08-25 12:09:11,276 - INFO - Model evaluation completed:
2025-08-25 12:09:11,276 - INFO -   hamming_loss: 0.1122
2025-08-25 12:09:11,276 - INFO -   micro_f1: 0.8135
2025-08-25 12:09:11,277 - INFO -   macro_f1: 0.7783
2025-08-25 12:09:11,277 - INFO -   subset_accuracy: 0.6452
2025-08-25 12:09:11,277 - INFO -   weighted_f1: 0.7959
2025-08-25 12:09:11,277 - INFO -   training_time: 0.2666
2025-08-25 12:09:11,278 - INFO - Model saved to models/CC_logistic_model.pkl
2025-08-25 12:09:11,278 - INFO - Completed CC + logistic
2025-08-25 12:09:11,278 - INFO - Training CC + svm...
2025-08-25 12:09:50,639 - INFO - Model fitted in 39.36 seconds
2025-08-25 12:09:54,201 - INFO - Model evaluation completed:
2025-08-25 12:09:54,201 - INFO -   hamming_loss: 0.1038
2025-08-25 12:09:54,201 - INFO -   micro_f1: 0.8259
2025-08-25 12:09:54,201 - INFO -   macro_f1: 0.7959
2025-08-25 12:09:54,201 - INFO -   subset_accuracy: 0.6634
2025-08-25 12:09:54,201 - INFO -   weighted_f1: 0.8109
2025-08-25 12:09:54,201 - INFO -   training_time: 39.3603
2025-08-25 12:09:54,206 - INFO - Model saved to models/CC_svm_model.pkl
2025-08-25 12:09:54,206 - INFO - Completed CC + svm
2025-08-25 12:09:54,206 - INFO - Training CC + xgboost...
2025-08-25 12:09:58,285 - INFO - Model fitted in 4.08 seconds
2025-08-25 12:09:58,304 - INFO - Model evaluation completed:
2025-08-25 12:09:58,304 - INFO -   hamming_loss: 0.0684
2025-08-25 12:09:58,305 - INFO -   micro_f1: 0.8934
2025-08-25 12:09:58,305 - INFO -   macro_f1: 0.8898
2025-08-25 12:09:58,305 - INFO -   subset_accuracy: 0.7630
2025-08-25 12:09:58,305 - INFO -   weighted_f1: 0.8916
2025-08-25 12:09:58,305 - INFO -   training_time: 4.0779
2025-08-25 12:09:58,309 - INFO - Model saved to models/CC_xgboost_model.pkl
2025-08-25 12:09:58,309 - INFO - Completed CC + xgboost
2025-08-25 12:09:58,309 - INFO - Training LP + logistic...
2025-08-25 12:09:58,614 - INFO - Model fitted in 0.30 seconds
2025-08-25 12:09:58,631 - INFO - Model evaluation completed:
2025-08-25 12:09:58,631 - INFO -   hamming_loss: 0.1041
2025-08-25 12:09:58,631 - INFO -   micro_f1: 0.8252
2025-08-25 12:09:58,631 - INFO -   macro_f1: 0.8053
2025-08-25 12:09:58,631 - INFO -   subset_accuracy: 0.6578
2025-08-25 12:09:58,631 - INFO -   weighted_f1: 0.8152
2025-08-25 12:09:58,631 - INFO -   training_time: 0.3047
2025-08-25 12:09:58,676 - INFO - Model saved to models/LP_logistic_model.pkl
2025-08-25 12:09:58,676 - INFO - Completed LP + logistic
2025-08-25 12:09:58,676 - INFO - Training LP + svm...
2025-08-25 12:09:58,959 - INFO - Model fitted in 0.28 seconds
2025-08-25 12:09:58,974 - INFO - Model evaluation completed:
2025-08-25 12:09:58,975 - INFO -   hamming_loss: 0.1041
2025-08-25 12:09:58,975 - INFO -   micro_f1: 0.8252
2025-08-25 12:09:58,975 - INFO -   macro_f1: 0.8053
2025-08-25 12:09:58,975 - INFO -   subset_accuracy: 0.6578
2025-08-25 12:09:58,975 - INFO -   weighted_f1: 0.8152
2025-08-25 12:09:58,975 - INFO -   training_time: 0.2824
2025-08-25 12:09:59,000 - INFO - Model saved to models/LP_svm_model.pkl
2025-08-25 12:09:59,000 - INFO - Completed LP + svm
2025-08-25 12:09:59,000 - INFO - Training LP + xgboost...
2025-08-25 12:09:59,276 - INFO - Model fitted in 0.28 seconds
2025-08-25 12:09:59,290 - INFO - Model evaluation completed:
2025-08-25 12:09:59,290 - INFO -   hamming_loss: 0.1041
2025-08-25 12:09:59,290 - INFO -   micro_f1: 0.8252
2025-08-25 12:09:59,290 - INFO -   macro_f1: 0.8053
2025-08-25 12:09:59,290 - INFO -   subset_accuracy: 0.6578
2025-08-25 12:09:59,290 - INFO -   weighted_f1: 0.8152
2025-08-25 12:09:59,290 - INFO -   training_time: 0.2758
2025-08-25 12:09:59,315 - INFO - Model saved to models/LP_xgboost_model.pkl
2025-08-25 12:09:59,315 - INFO - Completed LP + xgboost
2025-08-25 12:09:59,323 - INFO - Model comparison results:
2025-08-25 12:09:59,333 - INFO -    rank strategy algorithm  weighted_f1  micro_f1  macro_f1  subset_accuracy  hamming_loss  training_time
2     1       BR   xgboost     0.893251  0.893311  0.893191         0.760168      0.067672       5.230760
5     2       CC   xgboost     0.891584  0.893384  0.889784         0.762973      0.068373       4.077866
1     3       BR       svm     0.832480  0.841197  0.823764         0.685835      0.096774      45.952301
6     5       LP  logistic     0.815239  0.825191  0.805288         0.657784      0.104137       0.304693
7     5       LP       svm     0.815239  0.825191  0.805288         0.657784      0.104137       0.282352
8     5       LP   xgboost     0.815239  0.825191  0.805288         0.657784      0.104137       0.275828
4     7       CC       svm     0.810875  0.825882  0.795868         0.663394      0.103787      39.360328
0     8       BR  logistic     0.809282  0.825656  0.792908         0.669004      0.104839       0.244072
3     9       CC  logistic     0.795920  0.813520  0.778321         0.645161      0.112202       0.266559
2025-08-25 12:09:59,342 - INFO - Comparison results saved to output/model_comparison_results.csv
2025-08-25 12:09:59,342 - INFO - Creating visualizations...
2025-08-25 12:10:00,103 - INFO - Comparison charts saved to output/model_comparison_charts.png
2025-08-25 12:10:00,104 - INFO - Comparison table saved to output/model_comparison_table.csv
2025-08-25 12:10:00,510 - INFO - Data exploration charts saved to output/data_exploration.png
2025-08-25 12:10:00,511 - INFO - Best model: {'rank': 1, 'strategy': 'BR', 'algorithm': 'xgboost', 'weighted_f1': 0.8932509812833659, 'micro_f1': 0.8933112216694307, 'macro_f1': 0.8931907408973011, 'subset_accuracy': 0.7601683029453016, 'hamming_loss': 0.067671809256662, 'training_time': 5.230760335922241}
2025-08-25 12:10:00,643 - INFO - Best model chart saved to output/best_model_metrics.png
2025-08-25 12:10:00,648 - INFO - Model loaded from models/BR_xgboost_model.pkl
2025-08-25 12:10:01,065 - INFO - Confusion matrix saved to output/confusion_matrix.png
2025-08-25 12:10:01,065 - INFO - Creating output file with predictions...
2025-08-25 12:10:01,093 - INFO - Output file saved to output/test_predictions.csv
2025-08-25 12:10:01,093 - INFO - Output file summary:
2025-08-25 12:10:01,093 - INFO -   Total test samples: 713
2025-08-25 12:10:01,093 - INFO -   Best model: BR + xgboost
2025-08-25 12:10:01,093 - INFO -   Weighted F1 Score: 0.8933
2025-08-25 12:10:01,094 - INFO - Pipeline completed successfully!
2025-08-25 12:10:01,097 - INFO - Cleaning up unused models...
2025-08-25 12:10:01,098 - INFO - Removed: models/BR_logistic_model.pkl
2025-08-25 12:10:01,099 - INFO - Removed: models/BR_svm_model.pkl
2025-08-25 12:10:01,099 - INFO - Keeping best model: models/BR_xgboost_model.pkl
2025-08-25 12:10:01,099 - INFO - Removed: models/CC_logistic_model.pkl
2025-08-25 12:10:01,099 - INFO - Removed: models/CC_svm_model.pkl
2025-08-25 12:10:01,100 - INFO - Removed: models/CC_xgboost_model.pkl
2025-08-25 12:10:01,100 - INFO - Removed: models/LP_logistic_model.pkl
2025-08-25 12:10:01,101 - INFO - Removed: models/LP_svm_model.pkl
2025-08-25 12:10:01,101 - INFO - Removed: models/LP_xgboost_model.pkl
2025-08-25 12:10:01,102 - INFO - Challenge completed successfully!
2025-08-25 12:10:01,102 - INFO - Best model: BR + xgboost
2025-08-25 12:10:01,102 - INFO - Best weighted F1 score: 0.8933
